<?xml version="1.0" encoding="UTF-8"?>
<!-- Generated by org.testng.reporters.JUnitXMLReporter -->
<testsuite ignored="0" hostname="INLEN8520027593" failures="0" tests="4" name="Default test" time="0.057" errors="0" timestamp="2022-09-24T00:03:35 IST">
  <testcase classname="com.testcase.TestArithmeticOperation" name="testAdd" time="0.007"/>
  <testcase classname="com.testcase.TestArithmeticOperation" name="testSub" time="0.001"/>
  <testcase classname="com.testcase.TestArithmeticOperation" name="testMul" time="0.001"/>
  <testcase classname="com.testcase.TestArithmeticOperation" name="testDiv" time="0.001"/>
</testsuite> <!-- Default test -->
