<?xml version="1.0" encoding="UTF-8"?>
<testng-results ignored="0" total="4" passed="4" failed="0" skipped="0">
  <reporter-output>
  </reporter-output>
  <suite started-at="2022-09-24T00:03:35 IST" name="Default suite" finished-at="2022-09-24T00:03:35 IST" duration-ms="57">
    <groups>
    </groups>
    <test started-at="2022-09-24T00:03:35 IST" name="Default test" finished-at="2022-09-24T00:03:35 IST" duration-ms="57">
      <class name="com.testcase.TestArithmeticOperation">
        <test-method signature="testAdd()[pri:1, instance:com.testcase.TestArithmeticOperation@2b48a640]" started-at="2022-09-24T00:03:35 IST" name="testAdd" finished-at="2022-09-24T00:03:35 IST" duration-ms="7" status="PASS">
          <reporter-output>
          </reporter-output>
        </test-method> <!-- testAdd -->
        <test-method signature="testSub()[pri:2, instance:com.testcase.TestArithmeticOperation@2b48a640]" started-at="2022-09-24T00:03:35 IST" name="testSub" finished-at="2022-09-24T00:03:35 IST" duration-ms="1" status="PASS">
          <reporter-output>
          </reporter-output>
        </test-method> <!-- testSub -->
        <test-method signature="testMul()[pri:3, instance:com.testcase.TestArithmeticOperation@2b48a640]" started-at="2022-09-24T00:03:35 IST" name="testMul" finished-at="2022-09-24T00:03:35 IST" duration-ms="1" status="PASS">
          <reporter-output>
          </reporter-output>
        </test-method> <!-- testMul -->
        <test-method signature="testDiv()[pri:4, instance:com.testcase.TestArithmeticOperation@2b48a640]" started-at="2022-09-24T00:03:35 IST" name="testDiv" finished-at="2022-09-24T00:03:35 IST" duration-ms="1" status="PASS">
          <reporter-output>
          </reporter-output>
        </test-method> <!-- testDiv -->
      </class> <!-- com.testcase.TestArithmeticOperation -->
    </test> <!-- Default test -->
  </suite> <!-- Default suite -->
</testng-results>
